07-Jul-2019 17:20:22.562 INFO [localhost-startStop-1] org.apache.catalina.core.ApplicationContext.log ContextListener: contextInitialized()
07-Jul-2019 17:20:22.563 INFO [localhost-startStop-1] org.apache.catalina.core.ApplicationContext.log SessionListener: contextInitialized()
07-Jul-2019 17:20:22.565 INFO [localhost-startStop-1] org.apache.catalina.core.ApplicationContext.log ContextListener: attributeAdded('StockTicker', 'async.Stockticker@64115bbc')
07-Jul-2019 17:37:06.326 INFO [localhost-startStop-2] org.apache.catalina.core.ApplicationContext.log SessionListener: contextDestroyed()
07-Jul-2019 17:37:06.326 INFO [localhost-startStop-2] org.apache.catalina.core.ApplicationContext.log ContextListener: contextDestroyed()
07-Jul-2019 17:37:11.525 INFO [localhost-startStop-1] org.apache.catalina.core.ApplicationContext.log ContextListener: contextInitialized()
07-Jul-2019 17:37:11.525 INFO [localhost-startStop-1] org.apache.catalina.core.ApplicationContext.log SessionListener: contextInitialized()
07-Jul-2019 17:37:11.528 INFO [localhost-startStop-1] org.apache.catalina.core.ApplicationContext.log ContextListener: attributeAdded('StockTicker', 'async.Stockticker@36b93e8f')
07-Jul-2019 18:56:53.615 INFO [http-nio-8080-exec-8] org.apache.catalina.core.ApplicationContext.log ContextListener: attributeAdded('org.apache.jasper.runtime.JspApplicationContextImpl', 'org.apache.jasper.runtime.JspApplicationContextImpl@3550a066')
07-Jul-2019 18:56:53.640 INFO [http-nio-8080-exec-8] org.apache.catalina.core.ApplicationContext.log ContextListener: attributeAdded('org.apache.jasper.compiler.ELInterpreter', 'org.apache.jasper.compiler.ELInterpreterFactory$DefaultELInterpreter@77c9912f')
07-Jul-2019 18:56:59.759 INFO [http-nio-8080-exec-7] org.apache.catalina.core.ApplicationContext.log SessionListener: sessionCreated('D610DB18BCC85B96D7550433444EB0A6')
07-Jul-2019 18:57:05.921 INFO [http-nio-8080-exec-4] org.apache.catalina.core.ApplicationContext.log SessionListener: attributeAdded('D610DB18BCC85B96D7550433444EB0A6', 'foo', 'bar')
07-Jul-2019 19:27:37.808 INFO [localhost-startStop-3] org.apache.catalina.core.ApplicationContext.log SessionListener: contextDestroyed()
07-Jul-2019 19:27:37.808 INFO [localhost-startStop-3] org.apache.catalina.core.ApplicationContext.log ContextListener: contextDestroyed()
07-Jul-2019 19:27:45.654 INFO [localhost-startStop-1] org.apache.catalina.core.ApplicationContext.log ContextListener: contextInitialized()
07-Jul-2019 19:27:45.655 INFO [localhost-startStop-1] org.apache.catalina.core.ApplicationContext.log SessionListener: contextInitialized()
07-Jul-2019 19:27:45.657 INFO [localhost-startStop-1] org.apache.catalina.core.ApplicationContext.log ContextListener: attributeAdded('StockTicker', 'async.Stockticker@5434050')
07-Jul-2019 19:54:27.711 INFO [localhost-startStop-1] org.apache.catalina.core.ApplicationContext.log ContextListener: contextInitialized()
07-Jul-2019 19:54:27.711 INFO [localhost-startStop-1] org.apache.catalina.core.ApplicationContext.log SessionListener: contextInitialized()
07-Jul-2019 19:54:27.713 INFO [localhost-startStop-1] org.apache.catalina.core.ApplicationContext.log ContextListener: attributeAdded('StockTicker', 'async.Stockticker@a45cceb')
07-Jul-2019 20:27:15.431 INFO [localhost-startStop-3] org.apache.catalina.core.ApplicationContext.log SessionListener: contextDestroyed()
07-Jul-2019 20:27:15.431 INFO [localhost-startStop-3] org.apache.catalina.core.ApplicationContext.log ContextListener: contextDestroyed()
